android/app/build/intermediates/manifest_merge_blame_file/debug/manifest-merger-blame-debug-report.txt
1<?xml version="1.0" encoding="utf-8"?>
2<manifest xmlns:android="http://schemas.android.com/apk/res/android"
3    package="com.myproject"
4    android:versionCode="1"
5    android:versionName="1.0" >
6
7    <uses-sdk
7-->src\main\AndroidManifest.xml:9:5-12:11
8        android:minSdkVersion="16"
8-->src\main\AndroidManifest.xml:10:9-35
9        android:targetSdkVersion="28" />
9-->src\main\AndroidManifest.xml:11:9-38
10
11    <uses-permission android:name="android.permission.SYSTEM_ALERT_WINDOW" />
11-->src\debug\AndroidManifest.xml:5:5-77
11-->src\debug\AndroidManifest.xml:5:22-75
12    <uses-permission android:name="android.permission.INTERNET" />
12-->src\main\AndroidManifest.xml:4:5-67
12-->src\main\AndroidManifest.xml:4:22-64
13    <uses-permission android:name="android.permission.SYSTEM_Alert_WINDOW" />
13-->src\main\AndroidManifest.xml:5:5-78
13-->src\main\AndroidManifest.xml:5:22-75
14    <uses-permission android:name="android.permission.ACCESS_FINE_LOCATION" />
14-->src\main\AndroidManifest.xml:6:5-79
14-->src\main\AndroidManifest.xml:6:22-76
15
16    <uses-feature android:name="android.hardware.location.gps" />
16-->src\main\AndroidManifest.xml:7:5-66
16-->src\main\AndroidManifest.xml:7:19-63
17
18    <uses-permission android:name="android.permission.ACCESS_WIFI_STATE" />
18-->[com.facebook.flipper:flipper:0.33.1] AndroidManifest.xml:16:5-76
18-->[com.facebook.flipper:flipper:0.33.1] AndroidManifest.xml:16:22-73
19
20    <application
20-->src\main\AndroidManifest.xml:14:5-33:19
21        android:name="com.myproject.MainApplication"
21-->src\main\AndroidManifest.xml:15:7-38
22        android:allowBackup="true"
22-->src\main\AndroidManifest.xml:19:7-33
23        android:appComponentFactory="androidx.core.app.CoreComponentFactory"
23-->[androidx.core:core:1.1.0] AndroidManifest.xml:24:18-86
24        android:debuggable="true"
25        android:icon="@drawable/icon"
25-->src\main\AndroidManifest.xml:17:7-36
26        android:label="@string/app_name"
26-->src\main\AndroidManifest.xml:16:7-39
27        android:roundIcon="@mipmap/ic_launcher_round"
27-->src\main\AndroidManifest.xml:18:7-52
28        android:theme="@style/AppTheme"
28-->src\main\AndroidManifest.xml:20:7-38
29        android:usesCleartextTraffic="true" >
29-->src\debug\AndroidManifest.xml:7:18-53
30        <activity
30-->src\main\AndroidManifest.xml:21:7-31:18
31            android:name="com.myproject.MainActivity"
31-->src\main\AndroidManifest.xml:22:9-37
32            android:configChanges="keyboard|keyboardHidden|orientation|screenSize|uiMode"
32-->src\main\AndroidManifest.xml:24:9-86
33            android:label="@string/app_name"
33-->src\main\AndroidManifest.xml:23:9-41
34            android:launchMode="singleTask"
34-->src\main\AndroidManifest.xml:25:9-40
35            android:windowSoftInputMode="adjustResize" >
35-->src\main\AndroidManifest.xml:26:9-51
36            <intent-filter>
36-->src\main\AndroidManifest.xml:27:9-30:25
37                <action android:name="android.intent.action.MAIN" />
37-->src\main\AndroidManifest.xml:28:13-65
37-->src\main\AndroidManifest.xml:28:21-62
38
39                <category android:name="android.intent.category.LAUNCHER" />
39-->src\main\AndroidManifest.xml:29:13-73
39-->src\main\AndroidManifest.xml:29:23-70
40            </intent-filter>
41        </activity>
42        <activity android:name="com.facebook.react.devsupport.DevSettingsActivity" />
42-->src\main\AndroidManifest.xml:32:7-84
42-->src\main\AndroidManifest.xml:32:17-81
43
44        <provider
44-->[:react-native-webview] AndroidManifest.xml:12:9-20:20
45            android:name="com.reactnativecommunity.webview.RNCWebViewFileProvider"
45-->[:react-native-webview] AndroidManifest.xml:13:13-83
46            android:authorities="com.myproject.fileprovider"
46-->[:react-native-webview] AndroidManifest.xml:14:13-64
47            android:exported="false"
47-->[:react-native-webview] AndroidManifest.xml:15:13-37
48            android:grantUriPermissions="true" >
48-->[:react-native-webview] AndroidManifest.xml:16:13-47
49            <meta-data
49-->[:react-native-webview] AndroidManifest.xml:17:13-19:63
50                android:name="android.support.FILE_PROVIDER_PATHS"
50-->[:react-native-webview] AndroidManifest.xml:18:17-67
51                android:resource="@xml/file_provider_paths" />
51-->[:react-native-webview] AndroidManifest.xml:19:17-60
52        </provider>
53    </application>
54
55</manifest>